GET array (
  'action' => 'add',
  'login' => 'dasdasdsdfsdfssssssdfsasdasdf',
  'token' => 'li2j3fojewf',
  'fullname' => 'asdasd',
  'phone' => '7890',
  'country' => 'asdasdasd',
  'sex' => '1',
  'age' => '11',
  'ip' => '132123',
  'password' => 'asdasd',
)GET array (
  'action' => 'add',
  'login' => 'dasdasdsdfsdfssssssdfsasdasdf',
  'token' => 'li2j3fojewf',
  'fullname' => 'asdasd',
  'phone' => '7890',
  'country' => 'asdasdasd',
  'sex' => '1',
  'age' => '11',
  'ip' => '132123',
  'password' => 'asdasd',
)GET array (
  'action' => 'add',
  'login' => 'dasdasdsdfsdfssssssdfsasdasdf',
  'token' => 'li2j3fojewf',
  'fullname' => 'asdasd',
  'phone' => '7890',
  'country' => 'asdasdasd',
  'sex' => '1',
  'age' => '11',
  'ip' => '132123',
  'password' => 'asdasd',
)GET array (
  'action' => 'add',
  'login' => 'dasdasdsdfsdfssssssdfsasdasdf',
  'token' => 'li2j3fojewf',
  'fullname' => 'asdasd',
  'phone' => '7890',
  'country' => 'asdasdasd',
  'sex' => '1',
  'age' => '11',
  'ip' => '132123',
  'password' => 'asdasd',
)GET array (
  'action' => 'add',
  'login' => 'dasdasdsdfsdfssssssdfsasdasdf',
  'token' => 'li2j3fojewf',
  'fullname' => 'asdasd',
  'phone' => '7890',
  'country' => 'asdasdasd',
  'sex' => '1',
  'age' => '11',
  'ip' => '132123',
  'password' => 'asdasd',
)POST array (
  'asd' => '',
)GET array (
  'action' => 'add',
  'login' => 'dasdasdsdfsdfssssssdfsasdasdf',
  'token' => 'li2j3fojewf',
  'fullname' => 'asdasd',
  'phone' => '7890',
  'country' => 'asdasdasd',
  'sex' => '1',
  'age' => '11',
  'ip' => '132123',
  'password' => 'asdasd',
)POST array (
  'asd' => 'asdasd',
)